<?xml version="1.0" encoding="UTF-8"?>
<testsuite xmlns:xsi="http://www.w3.org/2001/XMLSchema-instance" xsi:noNamespaceSchemaLocation="https://maven.apache.org/surefire/maven-surefire-plugin/xsd/surefire-test-report-3.0.xsd" version="3.0" name="com.dt.service.FlightServiceTest" time="0.717" tests="4" errors="0" skipped="0" failures="0">
  <properties>
    <property name="java.specification.version" value="21"/>
    <property name="sun.jnu.encoding" value="UTF-8"/>
    <property name="java.class.path" value="/Users/dhanyanair/Desktop/coding exercise/dhanya_flight/flight_service/flight-service-core/target/test-classes:/Users/dhanyanair/Desktop/coding exercise/dhanya_flight/flight_service/flight-service-core/target/classes:/Users/dhanyanair/.m2/repository/org/projectlombok/lombok/1.18.30/lombok-1.18.30.jar:/Users/dhanyanair/.m2/repository/org/mongodb/bson/5.0.1/bson-5.0.1.jar:/Users/dhanyanair/.m2/repository/org/springframework/data/spring-data-commons/3.3.3/spring-data-commons-3.3.3.jar:/Users/dhanyanair/.m2/repository/org/springframework/spring-core/6.1.12/spring-core-6.1.12.jar:/Users/dhanyanair/.m2/repository/org/springframework/spring-jcl/6.1.12/spring-jcl-6.1.12.jar:/Users/dhanyanair/.m2/repository/org/springframework/spring-beans/6.1.12/spring-beans-6.1.12.jar:/Users/dhanyanair/.m2/repository/org/slf4j/slf4j-api/2.0.2/slf4j-api-2.0.2.jar:/Users/dhanyanair/.m2/repository/org/springframework/data/spring-data-mongodb/4.3.3/spring-data-mongodb-4.3.3.jar:/Users/dhanyanair/.m2/repository/org/springframework/spring-tx/6.1.12/spring-tx-6.1.12.jar:/Users/dhanyanair/.m2/repository/org/springframework/spring-context/6.1.12/spring-context-6.1.12.jar:/Users/dhanyanair/.m2/repository/org/springframework/spring-aop/6.1.12/spring-aop-6.1.12.jar:/Users/dhanyanair/.m2/repository/io/micrometer/micrometer-observation/1.12.9/micrometer-observation-1.12.9.jar:/Users/dhanyanair/.m2/repository/io/micrometer/micrometer-commons/1.12.9/micrometer-commons-1.12.9.jar:/Users/dhanyanair/.m2/repository/org/springframework/spring-expression/6.1.12/spring-expression-6.1.12.jar:/Users/dhanyanair/.m2/repository/org/mongodb/mongodb-driver-core/5.0.1/mongodb-driver-core-5.0.1.jar:/Users/dhanyanair/.m2/repository/org/mongodb/bson-record-codec/5.0.1/bson-record-codec-5.0.1.jar:/Users/dhanyanair/.m2/repository/org/springframework/boot/spring-boot/3.3.3/spring-boot-3.3.3.jar:/Users/dhanyanair/.m2/repository/org/springframework/boot/spring-boot-autoconfigure/3.3.3/spring-boot-autoconfigure-3.3.3.jar:/Users/dhanyanair/.m2/repository/org/dt/core/platform/platform-boot/6.4.0-SNAPSHOT/platform-boot-6.4.0-SNAPSHOT.jar:/Users/dhanyanair/.m2/repository/org/springframework/boot/spring-boot-starter-web/3.2.4/spring-boot-starter-web-3.2.4.jar:/Users/dhanyanair/.m2/repository/org/springframework/boot/spring-boot-starter/3.2.4/spring-boot-starter-3.2.4.jar:/Users/dhanyanair/.m2/repository/org/springframework/boot/spring-boot-starter-logging/3.2.4/spring-boot-starter-logging-3.2.4.jar:/Users/dhanyanair/.m2/repository/org/apache/logging/log4j/log4j-to-slf4j/2.21.1/log4j-to-slf4j-2.21.1.jar:/Users/dhanyanair/.m2/repository/org/apache/logging/log4j/log4j-api/2.21.1/log4j-api-2.21.1.jar:/Users/dhanyanair/.m2/repository/org/slf4j/jul-to-slf4j/2.0.12/jul-to-slf4j-2.0.12.jar:/Users/dhanyanair/.m2/repository/jakarta/annotation/jakarta.annotation-api/2.1.1/jakarta.annotation-api-2.1.1.jar:/Users/dhanyanair/.m2/repository/org/yaml/snakeyaml/2.2/snakeyaml-2.2.jar:/Users/dhanyanair/.m2/repository/org/springframework/boot/spring-boot-starter-json/3.2.4/spring-boot-starter-json-3.2.4.jar:/Users/dhanyanair/.m2/repository/com/fasterxml/jackson/datatype/jackson-datatype-jdk8/2.15.4/jackson-datatype-jdk8-2.15.4.jar:/Users/dhanyanair/.m2/repository/com/fasterxml/jackson/module/jackson-module-parameter-names/2.15.4/jackson-module-parameter-names-2.15.4.jar:/Users/dhanyanair/.m2/repository/org/springframework/boot/spring-boot-starter-tomcat/3.2.4/spring-boot-starter-tomcat-3.2.4.jar:/Users/dhanyanair/.m2/repository/org/apache/tomcat/embed/tomcat-embed-el/10.1.19/tomcat-embed-el-10.1.19.jar:/Users/dhanyanair/.m2/repository/org/apache/tomcat/embed/tomcat-embed-websocket/10.1.19/tomcat-embed-websocket-10.1.19.jar:/Users/dhanyanair/.m2/repository/org/springframework/spring-web/6.1.5/spring-web-6.1.5.jar:/Users/dhanyanair/.m2/repository/org/springframework/boot/spring-boot-starter-actuator/3.2.4/spring-boot-starter-actuator-3.2.4.jar:/Users/dhanyanair/.m2/repository/org/springframework/boot/spring-boot-actuator-autoconfigure/3.2.4/spring-boot-actuator-autoconfigure-3.2.4.jar:/Users/dhanyanair/.m2/repository/org/springframework/boot/spring-boot-actuator/3.2.4/spring-boot-actuator-3.2.4.jar:/Users/dhanyanair/.m2/repository/io/micrometer/micrometer-jakarta9/1.12.4/micrometer-jakarta9-1.12.4.jar:/Users/dhanyanair/.m2/repository/io/micrometer/micrometer-core/1.12.4/micrometer-core-1.12.4.jar:/Users/dhanyanair/.m2/repository/org/hdrhistogram/HdrHistogram/2.1.12/HdrHistogram-2.1.12.jar:/Users/dhanyanair/.m2/repository/org/latencyutils/LatencyUtils/2.0.3/LatencyUtils-2.0.3.jar:/Users/dhanyanair/.m2/repository/org/springframework/cloud/spring-cloud-starter-config/4.1.1/spring-cloud-starter-config-4.1.1.jar:/Users/dhanyanair/.m2/repository/org/springframework/cloud/spring-cloud-starter/4.1.2/spring-cloud-starter-4.1.2.jar:/Users/dhanyanair/.m2/repository/org/springframework/cloud/spring-cloud-commons/4.1.2/spring-cloud-commons-4.1.2.jar:/Users/dhanyanair/.m2/repository/org/springframework/security/spring-security-rsa/1.1.2/spring-security-rsa-1.1.2.jar:/Users/dhanyanair/.m2/repository/org/bouncycastle/bcprov-jdk18on/1.77/bcprov-jdk18on-1.77.jar:/Users/dhanyanair/.m2/repository/org/springframework/cloud/spring-cloud-config-client/4.1.1/spring-cloud-config-client-4.1.1.jar:/Users/dhanyanair/.m2/repository/org/apache/httpcomponents/client5/httpclient5/5.2.3/httpclient5-5.2.3.jar:/Users/dhanyanair/.m2/repository/org/apache/httpcomponents/core5/httpcore5/5.2.4/httpcore5-5.2.4.jar:/Users/dhanyanair/.m2/repository/org/apache/httpcomponents/core5/httpcore5-h2/5.2.4/httpcore5-h2-5.2.4.jar:/Users/dhanyanair/.m2/repository/com/fasterxml/jackson/core/jackson-databind/2.15.4/jackson-databind-2.15.4.jar:/Users/dhanyanair/.m2/repository/org/springframework/cloud/spring-cloud-starter-bus-amqp/4.1.1/spring-cloud-starter-bus-amqp-4.1.1.jar:/Users/dhanyanair/.m2/repository/org/springframework/cloud/spring-cloud-starter-stream-rabbit/4.1.1/spring-cloud-starter-stream-rabbit-4.1.1.jar:/Users/dhanyanair/.m2/repository/org/springframework/cloud/spring-cloud-stream-binder-rabbit/4.1.1/spring-cloud-stream-binder-rabbit-4.1.1.jar:/Users/dhanyanair/.m2/repository/org/springframework/cloud/spring-cloud-stream-binder-rabbit-core/4.1.1/spring-cloud-stream-binder-rabbit-core-4.1.1.jar:/Users/dhanyanair/.m2/repository/org/springframework/boot/spring-boot-starter-webflux/3.2.4/spring-boot-starter-webflux-3.2.4.jar:/Users/dhanyanair/.m2/repository/org/springframework/boot/spring-boot-starter-reactor-netty/3.2.4/spring-boot-starter-reactor-netty-3.2.4.jar:/Users/dhanyanair/.m2/repository/org/springframework/spring-webflux/6.1.5/spring-webflux-6.1.5.jar:/Users/dhanyanair/.m2/repository/io/projectreactor/netty/reactor-netty/1.1.17/reactor-netty-1.1.17.jar:/Users/dhanyanair/.m2/repository/io/projectreactor/netty/reactor-netty-core/1.1.17/reactor-netty-core-1.1.17.jar:/Users/dhanyanair/.m2/repository/io/netty/netty-handler-proxy/4.1.107.Final/netty-handler-proxy-4.1.107.Final.jar:/Users/dhanyanair/.m2/repository/io/netty/netty-codec-socks/4.1.107.Final/netty-codec-socks-4.1.107.Final.jar:/Users/dhanyanair/.m2/repository/io/netty/netty-resolver-dns/4.1.107.Final/netty-resolver-dns-4.1.107.Final.jar:/Users/dhanyanair/.m2/repository/io/netty/netty-codec-dns/4.1.107.Final/netty-codec-dns-4.1.107.Final.jar:/Users/dhanyanair/.m2/repository/io/netty/netty-resolver-dns-native-macos/4.1.107.Final/netty-resolver-dns-native-macos-4.1.107.Final-osx-x86_64.jar:/Users/dhanyanair/.m2/repository/io/netty/netty-resolver-dns-classes-macos/4.1.107.Final/netty-resolver-dns-classes-macos-4.1.107.Final.jar:/Users/dhanyanair/.m2/repository/io/netty/netty-transport-native-epoll/4.1.107.Final/netty-transport-native-epoll-4.1.107.Final-linux-x86_64.jar:/Users/dhanyanair/.m2/repository/io/projectreactor/netty/reactor-netty-http/1.1.17/reactor-netty-http-1.1.17.jar:/Users/dhanyanair/.m2/repository/io/projectreactor/netty/incubator/reactor-netty-incubator-quic/0.1.17/reactor-netty-incubator-quic-0.1.17.jar:/Users/dhanyanair/.m2/repository/io/netty/incubator/netty-incubator-codec-native-quic/0.0.59.Final/netty-incubator-codec-native-quic-0.0.59.Final-linux-x86_64.jar:/Users/dhanyanair/.m2/repository/io/netty/incubator/netty-incubator-codec-classes-quic/0.0.59.Final/netty-incubator-codec-classes-quic-0.0.59.Final.jar:/Users/dhanyanair/.m2/repository/org/springframework/cloud/spring-cloud-stream/4.1.1/spring-cloud-stream-4.1.1.jar:/Users/dhanyanair/.m2/repository/org/springframework/boot/spring-boot-starter-validation/3.2.4/spring-boot-starter-validation-3.2.4.jar:/Users/dhanyanair/.m2/repository/org/hibernate/validator/hibernate-validator/8.0.1.Final/hibernate-validator-8.0.1.Final.jar:/Users/dhanyanair/.m2/repository/org/jboss/logging/jboss-logging/3.4.3.Final/jboss-logging-3.4.3.Final.jar:/Users/dhanyanair/.m2/repository/com/fasterxml/classmate/1.5.1/classmate-1.5.1.jar:/Users/dhanyanair/.m2/repository/org/springframework/cloud/spring-cloud-function-context/4.1.1/spring-cloud-function-context-4.1.1.jar:/Users/dhanyanair/.m2/repository/net/jodah/typetools/0.6.2/typetools-0.6.2.jar:/Users/dhanyanair/.m2/repository/org/springframework/cloud/spring-cloud-function-core/4.1.1/spring-cloud-function-core-4.1.1.jar:/Users/dhanyanair/.m2/repository/org/jetbrains/kotlin/kotlin-stdlib-jdk8/1.9.23/kotlin-stdlib-jdk8-1.9.23.jar:/Users/dhanyanair/.m2/repository/org/jetbrains/kotlin/kotlin-stdlib/1.9.23/kotlin-stdlib-1.9.23.jar:/Users/dhanyanair/.m2/repository/org/jetbrains/annotations/13.0/annotations-13.0.jar:/Users/dhanyanair/.m2/repository/org/jetbrains/kotlin/kotlin-stdlib-jdk7/1.9.23/kotlin-stdlib-jdk7-1.9.23.jar:/Users/dhanyanair/.m2/repository/org/springframework/boot/spring-boot-starter-amqp/3.2.4/spring-boot-starter-amqp-3.2.4.jar:/Users/dhanyanair/.m2/repository/org/springframework/amqp/spring-rabbit/3.1.3/spring-rabbit-3.1.3.jar:/Users/dhanyanair/.m2/repository/org/springframework/amqp/spring-amqp/3.1.3/spring-amqp-3.1.3.jar:/Users/dhanyanair/.m2/repository/com/rabbitmq/amqp-client/5.19.0/amqp-client-5.19.0.jar:/Users/dhanyanair/.m2/repository/org/springframework/integration/spring-integration-amqp/6.2.3/spring-integration-amqp-6.2.3.jar:/Users/dhanyanair/.m2/repository/org/springframework/integration/spring-integration-jmx/6.2.3/spring-integration-jmx-6.2.3.jar:/Users/dhanyanair/.m2/repository/org/apache/httpcomponents/httpclient/4.5.14/httpclient-4.5.14.jar:/Users/dhanyanair/.m2/repository/commons-logging/commons-logging/1.2/commons-logging-1.2.jar:/Users/dhanyanair/.m2/repository/org/springframework/cloud/spring-cloud-bus/4.1.1/spring-cloud-bus-4.1.1.jar:/Users/dhanyanair/.m2/repository/org/springframework/integration/spring-integration-core/6.2.3/spring-integration-core-6.2.3.jar:/Users/dhanyanair/.m2/repository/org/springframework/spring-messaging/6.1.5/spring-messaging-6.1.5.jar:/Users/dhanyanair/.m2/repository/org/springframework/retry/spring-retry/2.0.5/spring-retry-2.0.5.jar:/Users/dhanyanair/.m2/repository/io/projectreactor/reactor-core/3.6.4/reactor-core-3.6.4.jar:/Users/dhanyanair/.m2/repository/org/dt/core/platform/platform-rest-client/6.4.0-SNAPSHOT/platform-rest-client-6.4.0-SNAPSHOT.jar:/Users/dhanyanair/.m2/repository/org/springframework/cloud/spring-cloud-starter-openfeign/4.1.1/spring-cloud-starter-openfeign-4.1.1.jar:/Users/dhanyanair/.m2/repository/org/springframework/cloud/spring-cloud-openfeign-core/4.1.1/spring-cloud-openfeign-core-4.1.1.jar:/Users/dhanyanair/.m2/repository/org/springframework/boot/spring-boot-starter-aop/3.2.4/spring-boot-starter-aop-3.2.4.jar:/Users/dhanyanair/.m2/repository/org/aspectj/aspectjweaver/1.9.21/aspectjweaver-1.9.21.jar:/Users/dhanyanair/.m2/repository/io/github/openfeign/form/feign-form-spring/3.8.0/feign-form-spring-3.8.0.jar:/Users/dhanyanair/.m2/repository/io/github/openfeign/form/feign-form/3.8.0/feign-form-3.8.0.jar:/Users/dhanyanair/.m2/repository/commons-fileupload/commons-fileupload/1.5/commons-fileupload-1.5.jar:/Users/dhanyanair/.m2/repository/io/github/openfeign/feign-core/13.2.1/feign-core-13.2.1.jar:/Users/dhanyanair/.m2/repository/io/github/openfeign/feign-slf4j/13.2.1/feign-slf4j-13.2.1.jar:/Users/dhanyanair/.m2/repository/org/springframework/cloud/spring-cloud-starter-loadbalancer/4.1.2/spring-cloud-starter-loadbalancer-4.1.2.jar:/Users/dhanyanair/.m2/repository/org/springframework/cloud/spring-cloud-loadbalancer/4.1.2/spring-cloud-loadbalancer-4.1.2.jar:/Users/dhanyanair/.m2/repository/io/projectreactor/addons/reactor-extra/3.5.1/reactor-extra-3.5.1.jar:/Users/dhanyanair/.m2/repository/org/springframework/boot/spring-boot-starter-cache/3.2.4/spring-boot-starter-cache-3.2.4.jar:/Users/dhanyanair/.m2/repository/org/springframework/spring-context-support/6.1.5/spring-context-support-6.1.5.jar:/Users/dhanyanair/.m2/repository/com/stoyanr/evictor/1.0.0/evictor-1.0.0.jar:/Users/dhanyanair/.m2/repository/org/apache/commons/commons-collections4/4.5.0-M1/commons-collections4-4.5.0-M1.jar:/Users/dhanyanair/.m2/repository/org/dt/core/platform/platform-json-objectmapper/6.4.0-SNAPSHOT/platform-json-objectmapper-6.4.0-SNAPSHOT.jar:/Users/dhanyanair/.m2/repository/commons-io/commons-io/2.16.1/commons-io-2.16.1.jar:/Users/dhanyanair/.m2/repository/org/dt/core/platform/platform-anemic/6.4.0-SNAPSHOT/platform-anemic-6.4.0-SNAPSHOT.jar:/Users/dhanyanair/.m2/repository/org/springframework/cloud/spring-cloud-starter-bootstrap/4.1.2/spring-cloud-starter-bootstrap-4.1.2.jar:/Users/dhanyanair/.m2/repository/io/awspring/cloud/spring-cloud-starter-aws-secrets-manager-config/2.4.4/spring-cloud-starter-aws-secrets-manager-config-2.4.4.jar:/Users/dhanyanair/.m2/repository/io/awspring/cloud/spring-cloud-aws-secrets-manager-config/2.4.4/spring-cloud-aws-secrets-manager-config-2.4.4.jar:/Users/dhanyanair/.m2/repository/com/amazonaws/aws-java-sdk-secretsmanager/1.12.395/aws-java-sdk-secretsmanager-1.12.395.jar:/Users/dhanyanair/.m2/repository/com/amazonaws/jmespath-java/1.12.395/jmespath-java-1.12.395.jar:/Users/dhanyanair/.m2/repository/io/awspring/cloud/spring-cloud-aws-core/2.4.4/spring-cloud-aws-core-2.4.4.jar:/Users/dhanyanair/.m2/repository/com/amazonaws/aws-java-sdk-core/1.12.395/aws-java-sdk-core-1.12.395.jar:/Users/dhanyanair/.m2/repository/software/amazon/ion/ion-java/1.0.2/ion-java-1.0.2.jar:/Users/dhanyanair/.m2/repository/com/fasterxml/jackson/dataformat/jackson-dataformat-cbor/2.12.6/jackson-dataformat-cbor-2.12.6.jar:/Users/dhanyanair/.m2/repository/joda-time/joda-time/2.8.1/joda-time-2.8.1.jar:/Users/dhanyanair/.m2/repository/com/amazonaws/aws-java-sdk-s3/1.12.395/aws-java-sdk-s3-1.12.395.jar:/Users/dhanyanair/.m2/repository/com/amazonaws/aws-java-sdk-kms/1.12.395/aws-java-sdk-kms-1.12.395.jar:/Users/dhanyanair/.m2/repository/com/amazonaws/aws-java-sdk-ec2/1.12.395/aws-java-sdk-ec2-1.12.395.jar:/Users/dhanyanair/.m2/repository/javax/activation/javax.activation-api/1.2.0/javax.activation-api-1.2.0.jar:/Users/dhanyanair/.m2/repository/org/dt/core/platform/platform-aws-sts/6.4.0-SNAPSHOT/platform-aws-sts-6.4.0-SNAPSHOT.jar:/Users/dhanyanair/.m2/repository/software/amazon/awssdk/sts/2.25.31/sts-2.25.31.jar:/Users/dhanyanair/.m2/repository/software/amazon/awssdk/aws-query-protocol/2.25.31/aws-query-protocol-2.25.31.jar:/Users/dhanyanair/.m2/repository/software/amazon/awssdk/protocol-core/2.25.31/protocol-core-2.25.31.jar:/Users/dhanyanair/.m2/repository/software/amazon/awssdk/profiles/2.25.31/profiles-2.25.31.jar:/Users/dhanyanair/.m2/repository/software/amazon/awssdk/http-auth-aws/2.25.31/http-auth-aws-2.25.31.jar:/Users/dhanyanair/.m2/repository/software/amazon/awssdk/checksums-spi/2.25.31/checksums-spi-2.25.31.jar:/Users/dhanyanair/.m2/repository/software/amazon/awssdk/checksums/2.25.31/checksums-2.25.31.jar:/Users/dhanyanair/.m2/repository/software/amazon/awssdk/sdk-core/2.25.31/sdk-core-2.25.31.jar:/Users/dhanyanair/.m2/repository/org/reactivestreams/reactive-streams/1.0.4/reactive-streams-1.0.4.jar:/Users/dhanyanair/.m2/repository/software/amazon/awssdk/auth/2.25.31/auth-2.25.31.jar:/Users/dhanyanair/.m2/repository/software/amazon/eventstream/eventstream/1.0.1/eventstream-1.0.1.jar:/Users/dhanyanair/.m2/repository/software/amazon/awssdk/http-auth-spi/2.25.31/http-auth-spi-2.25.31.jar:/Users/dhanyanair/.m2/repository/software/amazon/awssdk/http-auth/2.25.31/http-auth-2.25.31.jar:/Users/dhanyanair/.m2/repository/software/amazon/awssdk/identity-spi/2.25.31/identity-spi-2.25.31.jar:/Users/dhanyanair/.m2/repository/software/amazon/awssdk/http-client-spi/2.25.31/http-client-spi-2.25.31.jar:/Users/dhanyanair/.m2/repository/software/amazon/awssdk/regions/2.25.31/regions-2.25.31.jar:/Users/dhanyanair/.m2/repository/software/amazon/awssdk/annotations/2.25.31/annotations-2.25.31.jar:/Users/dhanyanair/.m2/repository/software/amazon/awssdk/utils/2.25.31/utils-2.25.31.jar:/Users/dhanyanair/.m2/repository/software/amazon/awssdk/aws-core/2.25.31/aws-core-2.25.31.jar:/Users/dhanyanair/.m2/repository/software/amazon/awssdk/metrics-spi/2.25.31/metrics-spi-2.25.31.jar:/Users/dhanyanair/.m2/repository/software/amazon/awssdk/json-utils/2.25.31/json-utils-2.25.31.jar:/Users/dhanyanair/.m2/repository/software/amazon/awssdk/third-party-jackson-core/2.25.31/third-party-jackson-core-2.25.31.jar:/Users/dhanyanair/.m2/repository/software/amazon/awssdk/endpoints-spi/2.25.31/endpoints-spi-2.25.31.jar:/Users/dhanyanair/.m2/repository/software/amazon/awssdk/apache-client/2.25.31/apache-client-2.25.31.jar:/Users/dhanyanair/.m2/repository/org/apache/httpcomponents/httpcore/4.4.13/httpcore-4.4.13.jar:/Users/dhanyanair/.m2/repository/software/amazon/awssdk/netty-nio-client/2.25.31/netty-nio-client-2.25.31.jar:/Users/dhanyanair/.m2/repository/io/netty/netty-codec-http/4.1.108.Final/netty-codec-http-4.1.108.Final.jar:/Users/dhanyanair/.m2/repository/io/netty/netty-codec-http2/4.1.108.Final/netty-codec-http2-4.1.108.Final.jar:/Users/dhanyanair/.m2/repository/io/netty/netty-codec/4.1.108.Final/netty-codec-4.1.108.Final.jar:/Users/dhanyanair/.m2/repository/io/netty/netty-transport/4.1.108.Final/netty-transport-4.1.108.Final.jar:/Users/dhanyanair/.m2/repository/io/netty/netty-common/4.1.108.Final/netty-common-4.1.108.Final.jar:/Users/dhanyanair/.m2/repository/io/netty/netty-buffer/4.1.108.Final/netty-buffer-4.1.108.Final.jar:/Users/dhanyanair/.m2/repository/io/netty/netty-handler/4.1.108.Final/netty-handler-4.1.108.Final.jar:/Users/dhanyanair/.m2/repository/io/netty/netty-transport-native-unix-common/4.1.108.Final/netty-transport-native-unix-common-4.1.108.Final.jar:/Users/dhanyanair/.m2/repository/io/netty/netty-transport-classes-epoll/4.1.108.Final/netty-transport-classes-epoll-4.1.108.Final.jar:/Users/dhanyanair/.m2/repository/io/netty/netty-resolver/4.1.108.Final/netty-resolver-4.1.108.Final.jar:/Users/dhanyanair/.m2/repository/org/dt/core/platform/platform-unit-test/6.4.0-SNAPSHOT/platform-unit-test-6.4.0-SNAPSHOT.jar:/Users/dhanyanair/.m2/repository/org/junit/jupiter/junit-jupiter-engine/5.10.2/junit-jupiter-engine-5.10.2.jar:/Users/dhanyanair/.m2/repository/org/junit/platform/junit-platform-engine/1.10.2/junit-platform-engine-1.10.2.jar:/Users/dhanyanair/.m2/repository/org/opentest4j/opentest4j/1.3.0/opentest4j-1.3.0.jar:/Users/dhanyanair/.m2/repository/org/junit/platform/junit-platform-commons/1.10.2/junit-platform-commons-1.10.2.jar:/Users/dhanyanair/.m2/repository/org/junit/jupiter/junit-jupiter-api/5.10.2/junit-jupiter-api-5.10.2.jar:/Users/dhanyanair/.m2/repository/org/apiguardian/apiguardian-api/1.1.2/apiguardian-api-1.1.2.jar:/Users/dhanyanair/.m2/repository/org/mockito/mockito-junit-jupiter/5.7.0/mockito-junit-jupiter-5.7.0.jar:/Users/dhanyanair/.m2/repository/org/mockito/mockito-core/5.7.0/mockito-core-5.7.0.jar:/Users/dhanyanair/.m2/repository/net/bytebuddy/byte-buddy-agent/1.14.9/byte-buddy-agent-1.14.9.jar:/Users/dhanyanair/.m2/repository/org/objenesis/objenesis/3.3/objenesis-3.3.jar:/Users/dhanyanair/.m2/repository/org/assertj/assertj-core/3.25.3/assertj-core-3.25.3.jar:/Users/dhanyanair/.m2/repository/net/bytebuddy/byte-buddy/1.14.11/byte-buddy-1.14.11.jar:/Users/dhanyanair/.m2/repository/org/powermock/powermock-module-junit4/2.0.9/powermock-module-junit4-2.0.9.jar:/Users/dhanyanair/.m2/repository/org/powermock/powermock-module-junit4-common/2.0.9/powermock-module-junit4-common-2.0.9.jar:/Users/dhanyanair/.m2/repository/org/powermock/powermock-reflect/2.0.9/powermock-reflect-2.0.9.jar:/Users/dhanyanair/.m2/repository/org/powermock/powermock-core/2.0.9/powermock-core-2.0.9.jar:/Users/dhanyanair/.m2/repository/org/javassist/javassist/3.27.0-GA/javassist-3.27.0-GA.jar:/Users/dhanyanair/.m2/repository/junit/junit/4.12/junit-4.12.jar:/Users/dhanyanair/.m2/repository/org/hamcrest/hamcrest-core/1.3/hamcrest-core-1.3.jar:/Users/dhanyanair/.m2/repository/org/powermock/powermock-api-mockito2/2.0.9/powermock-api-mockito2-2.0.9.jar:/Users/dhanyanair/.m2/repository/org/powermock/powermock-api-support/2.0.9/powermock-api-support-2.0.9.jar:/Users/dhanyanair/.m2/repository/org/dt/core/platform/platform-rest/6.4.0-SNAPSHOT/platform-rest-6.4.0-SNAPSHOT.jar:/Users/dhanyanair/.m2/repository/org/dt/core/platform/platform-logging-logback-config/6.4.0-SNAPSHOT/platform-logging-logback-config-6.4.0-SNAPSHOT.jar:/Users/dhanyanair/.m2/repository/ch/qos/logback/logback-classic/1.4.14/logback-classic-1.4.14.jar:/Users/dhanyanair/.m2/repository/ch/qos/logback/logback-core/1.4.14/logback-core-1.4.14.jar:/Users/dhanyanair/.m2/repository/net/logstash/logback/logstash-logback-encoder/7.4/logstash-logback-encoder-7.4.jar:/Users/dhanyanair/.m2/repository/io/sentry/sentry-logback/7.8.0/sentry-logback-7.8.0.jar:/Users/dhanyanair/.m2/repository/io/sentry/sentry/7.8.0/sentry-7.8.0.jar:/Users/dhanyanair/.m2/repository/org/dt/core/platform/platform-anonymiser-mask/6.4.0-SNAPSHOT/platform-anonymiser-mask-6.4.0-SNAPSHOT.jar:/Users/dhanyanair/.m2/repository/org/dt/core/platform/platform-anonymiser-core/6.4.0-SNAPSHOT/platform-anonymiser-core-6.4.0-SNAPSHOT.jar:/Users/dhanyanair/.m2/repository/jakarta/validation/jakarta.validation-api/3.0.2/jakarta.validation-api-3.0.2.jar:/Users/dhanyanair/.m2/repository/org/springframework/spring-webmvc/6.1.5/spring-webmvc-6.1.5.jar:/Users/dhanyanair/.m2/repository/jakarta/servlet/jakarta.servlet-api/6.0.0/jakarta.servlet-api-6.0.0.jar:/Users/dhanyanair/.m2/repository/org/dt/core/platform/platform-request-context/6.4.0-SNAPSHOT/platform-request-context-6.4.0-SNAPSHOT.jar:/Users/dhanyanair/.m2/repository/org/springframework/cloud/spring-cloud-context/4.1.2/spring-cloud-context-4.1.2.jar:/Users/dhanyanair/.m2/repository/org/springframework/security/spring-security-crypto/6.2.3/spring-security-crypto-6.2.3.jar:/Users/dhanyanair/.m2/repository/org/apache/tomcat/embed/tomcat-embed-core/10.1.19/tomcat-embed-core-10.1.19.jar:/Users/dhanyanair/.m2/repository/org/apache/tomcat/tomcat-annotations-api/10.1.19/tomcat-annotations-api-10.1.19.jar:/Users/dhanyanair/.m2/repository/org/springframework/security/spring-security-web/6.2.3/spring-security-web-6.2.3.jar:/Users/dhanyanair/.m2/repository/org/springframework/security/spring-security-core/6.2.3/spring-security-core-6.2.3.jar:/Users/dhanyanair/.m2/repository/commons-codec/commons-codec/1.16.1/commons-codec-1.16.1.jar:/Users/dhanyanair/.m2/repository/com/fasterxml/jackson/datatype/jackson-datatype-jsr310/2.15.4/jackson-datatype-jsr310-2.15.4.jar:/Users/dhanyanair/.m2/repository/com/fasterxml/jackson/core/jackson-annotations/2.15.4/jackson-annotations-2.15.4.jar:/Users/dhanyanair/.m2/repository/com/fasterxml/jackson/core/jackson-core/2.15.4/jackson-core-2.15.4.jar:/Users/dhanyanair/.m2/repository/org/apache/commons/commons-lang3/3.13.0/commons-lang3-3.13.0.jar:/Users/dhanyanair/.m2/repository/com/google/guava/guava/33.1.0-jre/guava-33.1.0-jre.jar:/Users/dhanyanair/.m2/repository/com/google/guava/failureaccess/1.0.2/failureaccess-1.0.2.jar:/Users/dhanyanair/.m2/repository/com/google/guava/listenablefuture/9999.0-empty-to-avoid-conflict-with-guava/listenablefuture-9999.0-empty-to-avoid-conflict-with-guava.jar:/Users/dhanyanair/.m2/repository/com/google/code/findbugs/jsr305/3.0.2/jsr305-3.0.2.jar:/Users/dhanyanair/.m2/repository/org/checkerframework/checker-qual/3.42.0/checker-qual-3.42.0.jar:/Users/dhanyanair/.m2/repository/com/google/errorprone/error_prone_annotations/2.26.1/error_prone_annotations-2.26.1.jar:/Users/dhanyanair/.m2/repository/com/google/j2objc/j2objc-annotations/3.0.0/j2objc-annotations-3.0.0.jar:/Users/dhanyanair/.m2/repository/org/dt/core/platform/platform-exception/6.4.0-SNAPSHOT/platform-exception-6.4.0-SNAPSHOT.jar:/Users/dhanyanair/.m2/repository/com/dt/ticket-service-api/0.0.1-SNAPSHOT/ticket-service-api-0.0.1-SNAPSHOT.jar:/Users/dhanyanair/.m2/repository/com/dt/ticket-service-core/0.0.1-SNAPSHOT/ticket-service-core-0.0.1-SNAPSHOT.jar:/Users/dhanyanair/.m2/repository/com/dt/flight-service-adapter/0.0.1-SNAPSHOT/flight-service-adapter-0.0.1-SNAPSHOT.jar:/Users/dhanyanair/.m2/repository/com/dt/flight-service-core/0.0.1-SNAPSHOT/flight-service-core-0.0.1-SNAPSHOT.jar:/Users/dhanyanair/.m2/repository/com/dt/flight-service-api/0.0.1-SNAPSHOT/flight-service-api-0.0.1-SNAPSHOT.jar:/Users/dhanyanair/.m2/repository/org/dt/core/platform/platform-database-mongo/6.4.0-SNAPSHOT/platform-database-mongo-6.4.0-SNAPSHOT.jar:/Users/dhanyanair/.m2/repository/org/springframework/boot/spring-boot-starter-data-mongodb/3.2.4/spring-boot-starter-data-mongodb-3.2.4.jar:/Users/dhanyanair/.m2/repository/org/mongodb/mongodb-driver-sync/4.11.1/mongodb-driver-sync-4.11.1.jar:"/>
    <property name="java.vm.vendor" value="Amazon.com Inc."/>
    <property name="sun.arch.data.model" value="64"/>
    <property name="java.vendor.url" value="https://aws.amazon.com/corretto/"/>
    <property name="user.timezone" value="Asia/Kolkata"/>
    <property name="os.name" value="Mac OS X"/>
    <property name="java.vm.specification.version" value="21"/>
    <property name="sun.java.launcher" value="SUN_STANDARD"/>
    <property name="user.country" value="IN"/>
    <property name="sun.boot.library.path" value="/Users/dhanyanair/.sdkman/candidates/java/21.0.4-amzn/lib"/>
    <property name="sun.java.command" value="/Users/dhanyanair/Desktop/coding exercise/dhanya_flight/flight_service/flight-service-core/target/surefire/surefirebooter-20241011130822514_3.jar /Users/dhanyanair/Desktop/coding exercise/dhanya_flight/flight_service/flight-service-core/target/surefire 2024-10-11T13-08-22_449-jvmRun1 surefire-20241011130822514_1tmp surefire_0-20241011130822514_2tmp"/>
    <property name="jdk.debug" value="release"/>
    <property name="surefire.test.class.path" value="/Users/dhanyanair/Desktop/coding exercise/dhanya_flight/flight_service/flight-service-core/target/test-classes:/Users/dhanyanair/Desktop/coding exercise/dhanya_flight/flight_service/flight-service-core/target/classes:/Users/dhanyanair/.m2/repository/org/projectlombok/lombok/1.18.30/lombok-1.18.30.jar:/Users/dhanyanair/.m2/repository/org/mongodb/bson/5.0.1/bson-5.0.1.jar:/Users/dhanyanair/.m2/repository/org/springframework/data/spring-data-commons/3.3.3/spring-data-commons-3.3.3.jar:/Users/dhanyanair/.m2/repository/org/springframework/spring-core/6.1.12/spring-core-6.1.12.jar:/Users/dhanyanair/.m2/repository/org/springframework/spring-jcl/6.1.12/spring-jcl-6.1.12.jar:/Users/dhanyanair/.m2/repository/org/springframework/spring-beans/6.1.12/spring-beans-6.1.12.jar:/Users/dhanyanair/.m2/repository/org/slf4j/slf4j-api/2.0.2/slf4j-api-2.0.2.jar:/Users/dhanyanair/.m2/repository/org/springframework/data/spring-data-mongodb/4.3.3/spring-data-mongodb-4.3.3.jar:/Users/dhanyanair/.m2/repository/org/springframework/spring-tx/6.1.12/spring-tx-6.1.12.jar:/Users/dhanyanair/.m2/repository/org/springframework/spring-context/6.1.12/spring-context-6.1.12.jar:/Users/dhanyanair/.m2/repository/org/springframework/spring-aop/6.1.12/spring-aop-6.1.12.jar:/Users/dhanyanair/.m2/repository/io/micrometer/micrometer-observation/1.12.9/micrometer-observation-1.12.9.jar:/Users/dhanyanair/.m2/repository/io/micrometer/micrometer-commons/1.12.9/micrometer-commons-1.12.9.jar:/Users/dhanyanair/.m2/repository/org/springframework/spring-expression/6.1.12/spring-expression-6.1.12.jar:/Users/dhanyanair/.m2/repository/org/mongodb/mongodb-driver-core/5.0.1/mongodb-driver-core-5.0.1.jar:/Users/dhanyanair/.m2/repository/org/mongodb/bson-record-codec/5.0.1/bson-record-codec-5.0.1.jar:/Users/dhanyanair/.m2/repository/org/springframework/boot/spring-boot/3.3.3/spring-boot-3.3.3.jar:/Users/dhanyanair/.m2/repository/org/springframework/boot/spring-boot-autoconfigure/3.3.3/spring-boot-autoconfigure-3.3.3.jar:/Users/dhanyanair/.m2/repository/org/dt/core/platform/platform-boot/6.4.0-SNAPSHOT/platform-boot-6.4.0-SNAPSHOT.jar:/Users/dhanyanair/.m2/repository/org/springframework/boot/spring-boot-starter-web/3.2.4/spring-boot-starter-web-3.2.4.jar:/Users/dhanyanair/.m2/repository/org/springframework/boot/spring-boot-starter/3.2.4/spring-boot-starter-3.2.4.jar:/Users/dhanyanair/.m2/repository/org/springframework/boot/spring-boot-starter-logging/3.2.4/spring-boot-starter-logging-3.2.4.jar:/Users/dhanyanair/.m2/repository/org/apache/logging/log4j/log4j-to-slf4j/2.21.1/log4j-to-slf4j-2.21.1.jar:/Users/dhanyanair/.m2/repository/org/apache/logging/log4j/log4j-api/2.21.1/log4j-api-2.21.1.jar:/Users/dhanyanair/.m2/repository/org/slf4j/jul-to-slf4j/2.0.12/jul-to-slf4j-2.0.12.jar:/Users/dhanyanair/.m2/repository/jakarta/annotation/jakarta.annotation-api/2.1.1/jakarta.annotation-api-2.1.1.jar:/Users/dhanyanair/.m2/repository/org/yaml/snakeyaml/2.2/snakeyaml-2.2.jar:/Users/dhanyanair/.m2/repository/org/springframework/boot/spring-boot-starter-json/3.2.4/spring-boot-starter-json-3.2.4.jar:/Users/dhanyanair/.m2/repository/com/fasterxml/jackson/datatype/jackson-datatype-jdk8/2.15.4/jackson-datatype-jdk8-2.15.4.jar:/Users/dhanyanair/.m2/repository/com/fasterxml/jackson/module/jackson-module-parameter-names/2.15.4/jackson-module-parameter-names-2.15.4.jar:/Users/dhanyanair/.m2/repository/org/springframework/boot/spring-boot-starter-tomcat/3.2.4/spring-boot-starter-tomcat-3.2.4.jar:/Users/dhanyanair/.m2/repository/org/apache/tomcat/embed/tomcat-embed-el/10.1.19/tomcat-embed-el-10.1.19.jar:/Users/dhanyanair/.m2/repository/org/apache/tomcat/embed/tomcat-embed-websocket/10.1.19/tomcat-embed-websocket-10.1.19.jar:/Users/dhanyanair/.m2/repository/org/springframework/spring-web/6.1.5/spring-web-6.1.5.jar:/Users/dhanyanair/.m2/repository/org/springframework/boot/spring-boot-starter-actuator/3.2.4/spring-boot-starter-actuator-3.2.4.jar:/Users/dhanyanair/.m2/repository/org/springframework/boot/spring-boot-actuator-autoconfigure/3.2.4/spring-boot-actuator-autoconfigure-3.2.4.jar:/Users/dhanyanair/.m2/repository/org/springframework/boot/spring-boot-actuator/3.2.4/spring-boot-actuator-3.2.4.jar:/Users/dhanyanair/.m2/repository/io/micrometer/micrometer-jakarta9/1.12.4/micrometer-jakarta9-1.12.4.jar:/Users/dhanyanair/.m2/repository/io/micrometer/micrometer-core/1.12.4/micrometer-core-1.12.4.jar:/Users/dhanyanair/.m2/repository/org/hdrhistogram/HdrHistogram/2.1.12/HdrHistogram-2.1.12.jar:/Users/dhanyanair/.m2/repository/org/latencyutils/LatencyUtils/2.0.3/LatencyUtils-2.0.3.jar:/Users/dhanyanair/.m2/repository/org/springframework/cloud/spring-cloud-starter-config/4.1.1/spring-cloud-starter-config-4.1.1.jar:/Users/dhanyanair/.m2/repository/org/springframework/cloud/spring-cloud-starter/4.1.2/spring-cloud-starter-4.1.2.jar:/Users/dhanyanair/.m2/repository/org/springframework/cloud/spring-cloud-commons/4.1.2/spring-cloud-commons-4.1.2.jar:/Users/dhanyanair/.m2/repository/org/springframework/security/spring-security-rsa/1.1.2/spring-security-rsa-1.1.2.jar:/Users/dhanyanair/.m2/repository/org/bouncycastle/bcprov-jdk18on/1.77/bcprov-jdk18on-1.77.jar:/Users/dhanyanair/.m2/repository/org/springframework/cloud/spring-cloud-config-client/4.1.1/spring-cloud-config-client-4.1.1.jar:/Users/dhanyanair/.m2/repository/org/apache/httpcomponents/client5/httpclient5/5.2.3/httpclient5-5.2.3.jar:/Users/dhanyanair/.m2/repository/org/apache/httpcomponents/core5/httpcore5/5.2.4/httpcore5-5.2.4.jar:/Users/dhanyanair/.m2/repository/org/apache/httpcomponents/core5/httpcore5-h2/5.2.4/httpcore5-h2-5.2.4.jar:/Users/dhanyanair/.m2/repository/com/fasterxml/jackson/core/jackson-databind/2.15.4/jackson-databind-2.15.4.jar:/Users/dhanyanair/.m2/repository/org/springframework/cloud/spring-cloud-starter-bus-amqp/4.1.1/spring-cloud-starter-bus-amqp-4.1.1.jar:/Users/dhanyanair/.m2/repository/org/springframework/cloud/spring-cloud-starter-stream-rabbit/4.1.1/spring-cloud-starter-stream-rabbit-4.1.1.jar:/Users/dhanyanair/.m2/repository/org/springframework/cloud/spring-cloud-stream-binder-rabbit/4.1.1/spring-cloud-stream-binder-rabbit-4.1.1.jar:/Users/dhanyanair/.m2/repository/org/springframework/cloud/spring-cloud-stream-binder-rabbit-core/4.1.1/spring-cloud-stream-binder-rabbit-core-4.1.1.jar:/Users/dhanyanair/.m2/repository/org/springframework/boot/spring-boot-starter-webflux/3.2.4/spring-boot-starter-webflux-3.2.4.jar:/Users/dhanyanair/.m2/repository/org/springframework/boot/spring-boot-starter-reactor-netty/3.2.4/spring-boot-starter-reactor-netty-3.2.4.jar:/Users/dhanyanair/.m2/repository/org/springframework/spring-webflux/6.1.5/spring-webflux-6.1.5.jar:/Users/dhanyanair/.m2/repository/io/projectreactor/netty/reactor-netty/1.1.17/reactor-netty-1.1.17.jar:/Users/dhanyanair/.m2/repository/io/projectreactor/netty/reactor-netty-core/1.1.17/reactor-netty-core-1.1.17.jar:/Users/dhanyanair/.m2/repository/io/netty/netty-handler-proxy/4.1.107.Final/netty-handler-proxy-4.1.107.Final.jar:/Users/dhanyanair/.m2/repository/io/netty/netty-codec-socks/4.1.107.Final/netty-codec-socks-4.1.107.Final.jar:/Users/dhanyanair/.m2/repository/io/netty/netty-resolver-dns/4.1.107.Final/netty-resolver-dns-4.1.107.Final.jar:/Users/dhanyanair/.m2/repository/io/netty/netty-codec-dns/4.1.107.Final/netty-codec-dns-4.1.107.Final.jar:/Users/dhanyanair/.m2/repository/io/netty/netty-resolver-dns-native-macos/4.1.107.Final/netty-resolver-dns-native-macos-4.1.107.Final-osx-x86_64.jar:/Users/dhanyanair/.m2/repository/io/netty/netty-resolver-dns-classes-macos/4.1.107.Final/netty-resolver-dns-classes-macos-4.1.107.Final.jar:/Users/dhanyanair/.m2/repository/io/netty/netty-transport-native-epoll/4.1.107.Final/netty-transport-native-epoll-4.1.107.Final-linux-x86_64.jar:/Users/dhanyanair/.m2/repository/io/projectreactor/netty/reactor-netty-http/1.1.17/reactor-netty-http-1.1.17.jar:/Users/dhanyanair/.m2/repository/io/projectreactor/netty/incubator/reactor-netty-incubator-quic/0.1.17/reactor-netty-incubator-quic-0.1.17.jar:/Users/dhanyanair/.m2/repository/io/netty/incubator/netty-incubator-codec-native-quic/0.0.59.Final/netty-incubator-codec-native-quic-0.0.59.Final-linux-x86_64.jar:/Users/dhanyanair/.m2/repository/io/netty/incubator/netty-incubator-codec-classes-quic/0.0.59.Final/netty-incubator-codec-classes-quic-0.0.59.Final.jar:/Users/dhanyanair/.m2/repository/org/springframework/cloud/spring-cloud-stream/4.1.1/spring-cloud-stream-4.1.1.jar:/Users/dhanyanair/.m2/repository/org/springframework/boot/spring-boot-starter-validation/3.2.4/spring-boot-starter-validation-3.2.4.jar:/Users/dhanyanair/.m2/repository/org/hibernate/validator/hibernate-validator/8.0.1.Final/hibernate-validator-8.0.1.Final.jar:/Users/dhanyanair/.m2/repository/org/jboss/logging/jboss-logging/3.4.3.Final/jboss-logging-3.4.3.Final.jar:/Users/dhanyanair/.m2/repository/com/fasterxml/classmate/1.5.1/classmate-1.5.1.jar:/Users/dhanyanair/.m2/repository/org/springframework/cloud/spring-cloud-function-context/4.1.1/spring-cloud-function-context-4.1.1.jar:/Users/dhanyanair/.m2/repository/net/jodah/typetools/0.6.2/typetools-0.6.2.jar:/Users/dhanyanair/.m2/repository/org/springframework/cloud/spring-cloud-function-core/4.1.1/spring-cloud-function-core-4.1.1.jar:/Users/dhanyanair/.m2/repository/org/jetbrains/kotlin/kotlin-stdlib-jdk8/1.9.23/kotlin-stdlib-jdk8-1.9.23.jar:/Users/dhanyanair/.m2/repository/org/jetbrains/kotlin/kotlin-stdlib/1.9.23/kotlin-stdlib-1.9.23.jar:/Users/dhanyanair/.m2/repository/org/jetbrains/annotations/13.0/annotations-13.0.jar:/Users/dhanyanair/.m2/repository/org/jetbrains/kotlin/kotlin-stdlib-jdk7/1.9.23/kotlin-stdlib-jdk7-1.9.23.jar:/Users/dhanyanair/.m2/repository/org/springframework/boot/spring-boot-starter-amqp/3.2.4/spring-boot-starter-amqp-3.2.4.jar:/Users/dhanyanair/.m2/repository/org/springframework/amqp/spring-rabbit/3.1.3/spring-rabbit-3.1.3.jar:/Users/dhanyanair/.m2/repository/org/springframework/amqp/spring-amqp/3.1.3/spring-amqp-3.1.3.jar:/Users/dhanyanair/.m2/repository/com/rabbitmq/amqp-client/5.19.0/amqp-client-5.19.0.jar:/Users/dhanyanair/.m2/repository/org/springframework/integration/spring-integration-amqp/6.2.3/spring-integration-amqp-6.2.3.jar:/Users/dhanyanair/.m2/repository/org/springframework/integration/spring-integration-jmx/6.2.3/spring-integration-jmx-6.2.3.jar:/Users/dhanyanair/.m2/repository/org/apache/httpcomponents/httpclient/4.5.14/httpclient-4.5.14.jar:/Users/dhanyanair/.m2/repository/commons-logging/commons-logging/1.2/commons-logging-1.2.jar:/Users/dhanyanair/.m2/repository/org/springframework/cloud/spring-cloud-bus/4.1.1/spring-cloud-bus-4.1.1.jar:/Users/dhanyanair/.m2/repository/org/springframework/integration/spring-integration-core/6.2.3/spring-integration-core-6.2.3.jar:/Users/dhanyanair/.m2/repository/org/springframework/spring-messaging/6.1.5/spring-messaging-6.1.5.jar:/Users/dhanyanair/.m2/repository/org/springframework/retry/spring-retry/2.0.5/spring-retry-2.0.5.jar:/Users/dhanyanair/.m2/repository/io/projectreactor/reactor-core/3.6.4/reactor-core-3.6.4.jar:/Users/dhanyanair/.m2/repository/org/dt/core/platform/platform-rest-client/6.4.0-SNAPSHOT/platform-rest-client-6.4.0-SNAPSHOT.jar:/Users/dhanyanair/.m2/repository/org/springframework/cloud/spring-cloud-starter-openfeign/4.1.1/spring-cloud-starter-openfeign-4.1.1.jar:/Users/dhanyanair/.m2/repository/org/springframework/cloud/spring-cloud-openfeign-core/4.1.1/spring-cloud-openfeign-core-4.1.1.jar:/Users/dhanyanair/.m2/repository/org/springframework/boot/spring-boot-starter-aop/3.2.4/spring-boot-starter-aop-3.2.4.jar:/Users/dhanyanair/.m2/repository/org/aspectj/aspectjweaver/1.9.21/aspectjweaver-1.9.21.jar:/Users/dhanyanair/.m2/repository/io/github/openfeign/form/feign-form-spring/3.8.0/feign-form-spring-3.8.0.jar:/Users/dhanyanair/.m2/repository/io/github/openfeign/form/feign-form/3.8.0/feign-form-3.8.0.jar:/Users/dhanyanair/.m2/repository/commons-fileupload/commons-fileupload/1.5/commons-fileupload-1.5.jar:/Users/dhanyanair/.m2/repository/io/github/openfeign/feign-core/13.2.1/feign-core-13.2.1.jar:/Users/dhanyanair/.m2/repository/io/github/openfeign/feign-slf4j/13.2.1/feign-slf4j-13.2.1.jar:/Users/dhanyanair/.m2/repository/org/springframework/cloud/spring-cloud-starter-loadbalancer/4.1.2/spring-cloud-starter-loadbalancer-4.1.2.jar:/Users/dhanyanair/.m2/repository/org/springframework/cloud/spring-cloud-loadbalancer/4.1.2/spring-cloud-loadbalancer-4.1.2.jar:/Users/dhanyanair/.m2/repository/io/projectreactor/addons/reactor-extra/3.5.1/reactor-extra-3.5.1.jar:/Users/dhanyanair/.m2/repository/org/springframework/boot/spring-boot-starter-cache/3.2.4/spring-boot-starter-cache-3.2.4.jar:/Users/dhanyanair/.m2/repository/org/springframework/spring-context-support/6.1.5/spring-context-support-6.1.5.jar:/Users/dhanyanair/.m2/repository/com/stoyanr/evictor/1.0.0/evictor-1.0.0.jar:/Users/dhanyanair/.m2/repository/org/apache/commons/commons-collections4/4.5.0-M1/commons-collections4-4.5.0-M1.jar:/Users/dhanyanair/.m2/repository/org/dt/core/platform/platform-json-objectmapper/6.4.0-SNAPSHOT/platform-json-objectmapper-6.4.0-SNAPSHOT.jar:/Users/dhanyanair/.m2/repository/commons-io/commons-io/2.16.1/commons-io-2.16.1.jar:/Users/dhanyanair/.m2/repository/org/dt/core/platform/platform-anemic/6.4.0-SNAPSHOT/platform-anemic-6.4.0-SNAPSHOT.jar:/Users/dhanyanair/.m2/repository/org/springframework/cloud/spring-cloud-starter-bootstrap/4.1.2/spring-cloud-starter-bootstrap-4.1.2.jar:/Users/dhanyanair/.m2/repository/io/awspring/cloud/spring-cloud-starter-aws-secrets-manager-config/2.4.4/spring-cloud-starter-aws-secrets-manager-config-2.4.4.jar:/Users/dhanyanair/.m2/repository/io/awspring/cloud/spring-cloud-aws-secrets-manager-config/2.4.4/spring-cloud-aws-secrets-manager-config-2.4.4.jar:/Users/dhanyanair/.m2/repository/com/amazonaws/aws-java-sdk-secretsmanager/1.12.395/aws-java-sdk-secretsmanager-1.12.395.jar:/Users/dhanyanair/.m2/repository/com/amazonaws/jmespath-java/1.12.395/jmespath-java-1.12.395.jar:/Users/dhanyanair/.m2/repository/io/awspring/cloud/spring-cloud-aws-core/2.4.4/spring-cloud-aws-core-2.4.4.jar:/Users/dhanyanair/.m2/repository/com/amazonaws/aws-java-sdk-core/1.12.395/aws-java-sdk-core-1.12.395.jar:/Users/dhanyanair/.m2/repository/software/amazon/ion/ion-java/1.0.2/ion-java-1.0.2.jar:/Users/dhanyanair/.m2/repository/com/fasterxml/jackson/dataformat/jackson-dataformat-cbor/2.12.6/jackson-dataformat-cbor-2.12.6.jar:/Users/dhanyanair/.m2/repository/joda-time/joda-time/2.8.1/joda-time-2.8.1.jar:/Users/dhanyanair/.m2/repository/com/amazonaws/aws-java-sdk-s3/1.12.395/aws-java-sdk-s3-1.12.395.jar:/Users/dhanyanair/.m2/repository/com/amazonaws/aws-java-sdk-kms/1.12.395/aws-java-sdk-kms-1.12.395.jar:/Users/dhanyanair/.m2/repository/com/amazonaws/aws-java-sdk-ec2/1.12.395/aws-java-sdk-ec2-1.12.395.jar:/Users/dhanyanair/.m2/repository/javax/activation/javax.activation-api/1.2.0/javax.activation-api-1.2.0.jar:/Users/dhanyanair/.m2/repository/org/dt/core/platform/platform-aws-sts/6.4.0-SNAPSHOT/platform-aws-sts-6.4.0-SNAPSHOT.jar:/Users/dhanyanair/.m2/repository/software/amazon/awssdk/sts/2.25.31/sts-2.25.31.jar:/Users/dhanyanair/.m2/repository/software/amazon/awssdk/aws-query-protocol/2.25.31/aws-query-protocol-2.25.31.jar:/Users/dhanyanair/.m2/repository/software/amazon/awssdk/protocol-core/2.25.31/protocol-core-2.25.31.jar:/Users/dhanyanair/.m2/repository/software/amazon/awssdk/profiles/2.25.31/profiles-2.25.31.jar:/Users/dhanyanair/.m2/repository/software/amazon/awssdk/http-auth-aws/2.25.31/http-auth-aws-2.25.31.jar:/Users/dhanyanair/.m2/repository/software/amazon/awssdk/checksums-spi/2.25.31/checksums-spi-2.25.31.jar:/Users/dhanyanair/.m2/repository/software/amazon/awssdk/checksums/2.25.31/checksums-2.25.31.jar:/Users/dhanyanair/.m2/repository/software/amazon/awssdk/sdk-core/2.25.31/sdk-core-2.25.31.jar:/Users/dhanyanair/.m2/repository/org/reactivestreams/reactive-streams/1.0.4/reactive-streams-1.0.4.jar:/Users/dhanyanair/.m2/repository/software/amazon/awssdk/auth/2.25.31/auth-2.25.31.jar:/Users/dhanyanair/.m2/repository/software/amazon/eventstream/eventstream/1.0.1/eventstream-1.0.1.jar:/Users/dhanyanair/.m2/repository/software/amazon/awssdk/http-auth-spi/2.25.31/http-auth-spi-2.25.31.jar:/Users/dhanyanair/.m2/repository/software/amazon/awssdk/http-auth/2.25.31/http-auth-2.25.31.jar:/Users/dhanyanair/.m2/repository/software/amazon/awssdk/identity-spi/2.25.31/identity-spi-2.25.31.jar:/Users/dhanyanair/.m2/repository/software/amazon/awssdk/http-client-spi/2.25.31/http-client-spi-2.25.31.jar:/Users/dhanyanair/.m2/repository/software/amazon/awssdk/regions/2.25.31/regions-2.25.31.jar:/Users/dhanyanair/.m2/repository/software/amazon/awssdk/annotations/2.25.31/annotations-2.25.31.jar:/Users/dhanyanair/.m2/repository/software/amazon/awssdk/utils/2.25.31/utils-2.25.31.jar:/Users/dhanyanair/.m2/repository/software/amazon/awssdk/aws-core/2.25.31/aws-core-2.25.31.jar:/Users/dhanyanair/.m2/repository/software/amazon/awssdk/metrics-spi/2.25.31/metrics-spi-2.25.31.jar:/Users/dhanyanair/.m2/repository/software/amazon/awssdk/json-utils/2.25.31/json-utils-2.25.31.jar:/Users/dhanyanair/.m2/repository/software/amazon/awssdk/third-party-jackson-core/2.25.31/third-party-jackson-core-2.25.31.jar:/Users/dhanyanair/.m2/repository/software/amazon/awssdk/endpoints-spi/2.25.31/endpoints-spi-2.25.31.jar:/Users/dhanyanair/.m2/repository/software/amazon/awssdk/apache-client/2.25.31/apache-client-2.25.31.jar:/Users/dhanyanair/.m2/repository/org/apache/httpcomponents/httpcore/4.4.13/httpcore-4.4.13.jar:/Users/dhanyanair/.m2/repository/software/amazon/awssdk/netty-nio-client/2.25.31/netty-nio-client-2.25.31.jar:/Users/dhanyanair/.m2/repository/io/netty/netty-codec-http/4.1.108.Final/netty-codec-http-4.1.108.Final.jar:/Users/dhanyanair/.m2/repository/io/netty/netty-codec-http2/4.1.108.Final/netty-codec-http2-4.1.108.Final.jar:/Users/dhanyanair/.m2/repository/io/netty/netty-codec/4.1.108.Final/netty-codec-4.1.108.Final.jar:/Users/dhanyanair/.m2/repository/io/netty/netty-transport/4.1.108.Final/netty-transport-4.1.108.Final.jar:/Users/dhanyanair/.m2/repository/io/netty/netty-common/4.1.108.Final/netty-common-4.1.108.Final.jar:/Users/dhanyanair/.m2/repository/io/netty/netty-buffer/4.1.108.Final/netty-buffer-4.1.108.Final.jar:/Users/dhanyanair/.m2/repository/io/netty/netty-handler/4.1.108.Final/netty-handler-4.1.108.Final.jar:/Users/dhanyanair/.m2/repository/io/netty/netty-transport-native-unix-common/4.1.108.Final/netty-transport-native-unix-common-4.1.108.Final.jar:/Users/dhanyanair/.m2/repository/io/netty/netty-transport-classes-epoll/4.1.108.Final/netty-transport-classes-epoll-4.1.108.Final.jar:/Users/dhanyanair/.m2/repository/io/netty/netty-resolver/4.1.108.Final/netty-resolver-4.1.108.Final.jar:/Users/dhanyanair/.m2/repository/org/dt/core/platform/platform-unit-test/6.4.0-SNAPSHOT/platform-unit-test-6.4.0-SNAPSHOT.jar:/Users/dhanyanair/.m2/repository/org/junit/jupiter/junit-jupiter-engine/5.10.2/junit-jupiter-engine-5.10.2.jar:/Users/dhanyanair/.m2/repository/org/junit/platform/junit-platform-engine/1.10.2/junit-platform-engine-1.10.2.jar:/Users/dhanyanair/.m2/repository/org/opentest4j/opentest4j/1.3.0/opentest4j-1.3.0.jar:/Users/dhanyanair/.m2/repository/org/junit/platform/junit-platform-commons/1.10.2/junit-platform-commons-1.10.2.jar:/Users/dhanyanair/.m2/repository/org/junit/jupiter/junit-jupiter-api/5.10.2/junit-jupiter-api-5.10.2.jar:/Users/dhanyanair/.m2/repository/org/apiguardian/apiguardian-api/1.1.2/apiguardian-api-1.1.2.jar:/Users/dhanyanair/.m2/repository/org/mockito/mockito-junit-jupiter/5.7.0/mockito-junit-jupiter-5.7.0.jar:/Users/dhanyanair/.m2/repository/org/mockito/mockito-core/5.7.0/mockito-core-5.7.0.jar:/Users/dhanyanair/.m2/repository/net/bytebuddy/byte-buddy-agent/1.14.9/byte-buddy-agent-1.14.9.jar:/Users/dhanyanair/.m2/repository/org/objenesis/objenesis/3.3/objenesis-3.3.jar:/Users/dhanyanair/.m2/repository/org/assertj/assertj-core/3.25.3/assertj-core-3.25.3.jar:/Users/dhanyanair/.m2/repository/net/bytebuddy/byte-buddy/1.14.11/byte-buddy-1.14.11.jar:/Users/dhanyanair/.m2/repository/org/powermock/powermock-module-junit4/2.0.9/powermock-module-junit4-2.0.9.jar:/Users/dhanyanair/.m2/repository/org/powermock/powermock-module-junit4-common/2.0.9/powermock-module-junit4-common-2.0.9.jar:/Users/dhanyanair/.m2/repository/org/powermock/powermock-reflect/2.0.9/powermock-reflect-2.0.9.jar:/Users/dhanyanair/.m2/repository/org/powermock/powermock-core/2.0.9/powermock-core-2.0.9.jar:/Users/dhanyanair/.m2/repository/org/javassist/javassist/3.27.0-GA/javassist-3.27.0-GA.jar:/Users/dhanyanair/.m2/repository/junit/junit/4.12/junit-4.12.jar:/Users/dhanyanair/.m2/repository/org/hamcrest/hamcrest-core/1.3/hamcrest-core-1.3.jar:/Users/dhanyanair/.m2/repository/org/powermock/powermock-api-mockito2/2.0.9/powermock-api-mockito2-2.0.9.jar:/Users/dhanyanair/.m2/repository/org/powermock/powermock-api-support/2.0.9/powermock-api-support-2.0.9.jar:/Users/dhanyanair/.m2/repository/org/dt/core/platform/platform-rest/6.4.0-SNAPSHOT/platform-rest-6.4.0-SNAPSHOT.jar:/Users/dhanyanair/.m2/repository/org/dt/core/platform/platform-logging-logback-config/6.4.0-SNAPSHOT/platform-logging-logback-config-6.4.0-SNAPSHOT.jar:/Users/dhanyanair/.m2/repository/ch/qos/logback/logback-classic/1.4.14/logback-classic-1.4.14.jar:/Users/dhanyanair/.m2/repository/ch/qos/logback/logback-core/1.4.14/logback-core-1.4.14.jar:/Users/dhanyanair/.m2/repository/net/logstash/logback/logstash-logback-encoder/7.4/logstash-logback-encoder-7.4.jar:/Users/dhanyanair/.m2/repository/io/sentry/sentry-logback/7.8.0/sentry-logback-7.8.0.jar:/Users/dhanyanair/.m2/repository/io/sentry/sentry/7.8.0/sentry-7.8.0.jar:/Users/dhanyanair/.m2/repository/org/dt/core/platform/platform-anonymiser-mask/6.4.0-SNAPSHOT/platform-anonymiser-mask-6.4.0-SNAPSHOT.jar:/Users/dhanyanair/.m2/repository/org/dt/core/platform/platform-anonymiser-core/6.4.0-SNAPSHOT/platform-anonymiser-core-6.4.0-SNAPSHOT.jar:/Users/dhanyanair/.m2/repository/jakarta/validation/jakarta.validation-api/3.0.2/jakarta.validation-api-3.0.2.jar:/Users/dhanyanair/.m2/repository/org/springframework/spring-webmvc/6.1.5/spring-webmvc-6.1.5.jar:/Users/dhanyanair/.m2/repository/jakarta/servlet/jakarta.servlet-api/6.0.0/jakarta.servlet-api-6.0.0.jar:/Users/dhanyanair/.m2/repository/org/dt/core/platform/platform-request-context/6.4.0-SNAPSHOT/platform-request-context-6.4.0-SNAPSHOT.jar:/Users/dhanyanair/.m2/repository/org/springframework/cloud/spring-cloud-context/4.1.2/spring-cloud-context-4.1.2.jar:/Users/dhanyanair/.m2/repository/org/springframework/security/spring-security-crypto/6.2.3/spring-security-crypto-6.2.3.jar:/Users/dhanyanair/.m2/repository/org/apache/tomcat/embed/tomcat-embed-core/10.1.19/tomcat-embed-core-10.1.19.jar:/Users/dhanyanair/.m2/repository/org/apache/tomcat/tomcat-annotations-api/10.1.19/tomcat-annotations-api-10.1.19.jar:/Users/dhanyanair/.m2/repository/org/springframework/security/spring-security-web/6.2.3/spring-security-web-6.2.3.jar:/Users/dhanyanair/.m2/repository/org/springframework/security/spring-security-core/6.2.3/spring-security-core-6.2.3.jar:/Users/dhanyanair/.m2/repository/commons-codec/commons-codec/1.16.1/commons-codec-1.16.1.jar:/Users/dhanyanair/.m2/repository/com/fasterxml/jackson/datatype/jackson-datatype-jsr310/2.15.4/jackson-datatype-jsr310-2.15.4.jar:/Users/dhanyanair/.m2/repository/com/fasterxml/jackson/core/jackson-annotations/2.15.4/jackson-annotations-2.15.4.jar:/Users/dhanyanair/.m2/repository/com/fasterxml/jackson/core/jackson-core/2.15.4/jackson-core-2.15.4.jar:/Users/dhanyanair/.m2/repository/org/apache/commons/commons-lang3/3.13.0/commons-lang3-3.13.0.jar:/Users/dhanyanair/.m2/repository/com/google/guava/guava/33.1.0-jre/guava-33.1.0-jre.jar:/Users/dhanyanair/.m2/repository/com/google/guava/failureaccess/1.0.2/failureaccess-1.0.2.jar:/Users/dhanyanair/.m2/repository/com/google/guava/listenablefuture/9999.0-empty-to-avoid-conflict-with-guava/listenablefuture-9999.0-empty-to-avoid-conflict-with-guava.jar:/Users/dhanyanair/.m2/repository/com/google/code/findbugs/jsr305/3.0.2/jsr305-3.0.2.jar:/Users/dhanyanair/.m2/repository/org/checkerframework/checker-qual/3.42.0/checker-qual-3.42.0.jar:/Users/dhanyanair/.m2/repository/com/google/errorprone/error_prone_annotations/2.26.1/error_prone_annotations-2.26.1.jar:/Users/dhanyanair/.m2/repository/com/google/j2objc/j2objc-annotations/3.0.0/j2objc-annotations-3.0.0.jar:/Users/dhanyanair/.m2/repository/org/dt/core/platform/platform-exception/6.4.0-SNAPSHOT/platform-exception-6.4.0-SNAPSHOT.jar:/Users/dhanyanair/.m2/repository/com/dt/ticket-service-api/0.0.1-SNAPSHOT/ticket-service-api-0.0.1-SNAPSHOT.jar:/Users/dhanyanair/.m2/repository/com/dt/ticket-service-core/0.0.1-SNAPSHOT/ticket-service-core-0.0.1-SNAPSHOT.jar:/Users/dhanyanair/.m2/repository/com/dt/flight-service-adapter/0.0.1-SNAPSHOT/flight-service-adapter-0.0.1-SNAPSHOT.jar:/Users/dhanyanair/.m2/repository/com/dt/flight-service-core/0.0.1-SNAPSHOT/flight-service-core-0.0.1-SNAPSHOT.jar:/Users/dhanyanair/.m2/repository/com/dt/flight-service-api/0.0.1-SNAPSHOT/flight-service-api-0.0.1-SNAPSHOT.jar:/Users/dhanyanair/.m2/repository/org/dt/core/platform/platform-database-mongo/6.4.0-SNAPSHOT/platform-database-mongo-6.4.0-SNAPSHOT.jar:/Users/dhanyanair/.m2/repository/org/springframework/boot/spring-boot-starter-data-mongodb/3.2.4/spring-boot-starter-data-mongodb-3.2.4.jar:/Users/dhanyanair/.m2/repository/org/mongodb/mongodb-driver-sync/4.11.1/mongodb-driver-sync-4.11.1.jar:"/>
    <property name="sun.cpu.endian" value="little"/>
    <property name="user.home" value="/Users/dhanyanair"/>
    <property name="user.language" value="en"/>
    <property name="java.specification.vendor" value="Oracle Corporation"/>
    <property name="java.version.date" value="2024-07-16"/>
    <property name="java.home" value="/Users/dhanyanair/.sdkman/candidates/java/21.0.4-amzn"/>
    <property name="file.separator" value="/"/>
    <property name="basedir" value="/Users/dhanyanair/Desktop/coding exercise/dhanya_flight/flight_service/flight-service-core"/>
    <property name="java.vm.compressedOopsMode" value="Zero based"/>
    <property name="line.separator" value="&#10;"/>
    <property name="java.vm.specification.vendor" value="Oracle Corporation"/>
    <property name="java.specification.name" value="Java Platform API Specification"/>
    <property name="apple.awt.application.name" value="ForkedBooter"/>
    <property name="surefire.real.class.path" value="/Users/dhanyanair/Desktop/coding exercise/dhanya_flight/flight_service/flight-service-core/target/surefire/surefirebooter-20241011130822514_3.jar"/>
    <property name="sun.management.compiler" value="HotSpot 64-Bit Tiered Compilers"/>
    <property name="java.runtime.version" value="21.0.4+7-LTS"/>
    <property name="user.name" value="dhanyanair"/>
    <property name="stdout.encoding" value="UTF-8"/>
    <property name="path.separator" value=":"/>
    <property name="os.version" value="14.5"/>
    <property name="java.runtime.name" value="OpenJDK Runtime Environment"/>
    <property name="file.encoding" value="UTF-8"/>
    <property name="java.vm.name" value="OpenJDK 64-Bit Server VM"/>
    <property name="java.vendor.version" value="Corretto-21.0.4.7.1"/>
    <property name="localRepository" value="/Users/dhanyanair/.m2/repository"/>
    <property name="java.vendor.url.bug" value="https://github.com/corretto/corretto-21/issues/"/>
    <property name="java.io.tmpdir" value="/var/folders/fj/8k_kr_x111z8_1b9wwf34xvm0000gp/T/"/>
    <property name="java.version" value="21.0.4"/>
    <property name="user.dir" value="/Users/dhanyanair/Desktop/coding exercise/dhanya_flight/flight_service/flight-service-core"/>
    <property name="os.arch" value="aarch64"/>
    <property name="java.vm.specification.name" value="Java Virtual Machine Specification"/>
    <property name="native.encoding" value="UTF-8"/>
    <property name="java.library.path" value="/Users/dhanyanair/Library/Java/Extensions:/Library/Java/Extensions:/Network/Library/Java/Extensions:/System/Library/Java/Extensions:/usr/lib/java:."/>
    <property name="java.vm.info" value="mixed mode, sharing"/>
    <property name="stderr.encoding" value="UTF-8"/>
    <property name="java.vendor" value="Amazon.com Inc."/>
    <property name="java.vm.version" value="21.0.4+7-LTS"/>
    <property name="sun.io.unicode.encoding" value="UnicodeBig"/>
    <property name="java.class.version" value="65.0"/>
  </properties>
  <testcase name="testListFlights" classname="com.dt.service.FlightServiceTest" time="0.692">
    <system-err><![CDATA[WARNING: A Java agent has been loaded dynamically (/Users/dhanyanair/.m2/repository/net/bytebuddy/byte-buddy-agent/1.14.9/byte-buddy-agent-1.14.9.jar)
WARNING: If a serviceability tool is in use, please run with -XX:+EnableDynamicAgentLoading to hide this warning
WARNING: If a serviceability tool is not in use, please run with -Djdk.instrument.traceUsage for more information
WARNING: Dynamic loading of agents will be disallowed by default in a future release
]]></system-err>
  </testcase>
  <testcase name="testGetFlightBySrcAndDest" classname="com.dt.service.FlightServiceTest" time="0.004"/>
  <testcase name="testListOfFlightsNull" classname="com.dt.service.FlightServiceTest" time="0.001"/>
  <testcase name="testGetFlightBySrcAndDestNull" classname="com.dt.service.FlightServiceTest" time="0.002"/>
</testsuite>